# JRE version: Java(TM) SE Runtime Environment 18.9 (11.0.10+8) (build 11.0.10+8-LTS-162)
# Java VM: Java HotSpot(TM) 64-Bit Server VM 18.9 (11.0.10+8-LTS-162, mixed mode, tiered, compressed oops, g1 gc, windows-amd64)
Heap:
 garbage-first heap   total 378880K, used 59753K [0x0000000701600000, 0x0000000800000000)
  region size 1024K, 17 young (17408K), 17 survivors (17408K)
 Metaspace       used 77640K, capacity 79479K, committed 79496K, reserved 1128448K
  class space    used 9728K, capacity 10479K, committed 10496K, reserved 1048576K
GC Heap History (10 events):
Event: 3.407 GC heap before
{Heap before GC invocations=7 (full 0):
 garbage-first heap   total 315392K, used 18596K [0x0000000701600000, 0x0000000800000000)
  region size 1024K, 14 young (14336K), 8 survivors (8192K)
 Metaspace       used 34814K, capacity 35826K, committed 35920K, reserved 1081344K
  class space    used 4006K, capacity 4412K, committed 4480K, reserved 1048576K
}
Event: 3.420 GC heap after
{Heap after GC invocations=8 (full 0):
 garbage-first heap   total 315392K, used 13842K [0x0000000701600000, 0x0000000800000000)
  region size 1024K, 8 young (8192K), 8 survivors (8192K)
 Metaspace       used 34814K, capacity 35826K, committed 35920K, reserved 1081344K
  class space    used 4006K, capacity 4412K, committed 4480K, reserved 1048576K
}
Event: 4.781 GC heap before
{Heap before GC invocations=9 (full 0):
 garbage-first heap   total 315392K, used 181778K [0x0000000701600000, 0x0000000800000000)
  region size 1024K, 173 young (177152K), 8 survivors (8192K)
 Metaspace       used 45098K, capacity 46316K, committed 46384K, reserved 1089536K
  class space    used 5480K, capacity 5984K, committed 6016K, reserved 1048576K
}
Event: 4.790 GC heap after
{Heap after GC invocations=10 (full 0):
 garbage-first heap   total 315392K, used 16914K [0x0000000701600000, 0x0000000800000000)
  region size 1024K, 11 young (11264K), 11 survivors (11264K)
 Metaspace       used 45098K, capacity 46316K, committed 46384K, reserved 1089536K
  class space    used 5480K, capacity 5984K, committed 6016K, reserved 1048576K
}
Event: 6.135 GC heap before
{Heap before GC invocations=10 (full 0):
 garbage-first heap   total 315392K, used 167442K [0x0000000701600000, 0x0000000800000000)
  region size 1024K, 160 young (163840K), 11 survivors (11264K)
 Metaspace       used 58921K, capacity 60207K, committed 60296K, reserved 1101824K
  class space    used 7344K, capacity 7896K, committed 7936K, reserved 1048576K
}
Event: 6.152 GC heap after
{Heap after GC invocations=11 (full 0):
 garbage-first heap   total 378880K, used 20986K [0x0000000701600000, 0x0000000800000000)
  region size 1024K, 15 young (15360K), 15 survivors (15360K)
 Metaspace       used 58921K, capacity 60207K, committed 60296K, reserved 1101824K
  class space    used 7344K, capacity 7896K, committed 7936K, reserved 1048576K
}
Event: 15.415 GC heap before
{Heap before GC invocations=12 (full 0):
 garbage-first heap   total 378880K, used 224762K [0x0000000701600000, 0x0000000800000000)
  region size 1024K, 214 young (219136K), 15 survivors (15360K)
 Metaspace       used 72012K, capacity 73800K, committed 73992K, reserved 1114112K
  class space    used 9071K, capacity 9806K, committed 9856K, reserved 1048576K
}
Event: 15.430 GC heap after
{Heap after GC invocations=13 (full 0):
 garbage-first heap   total 378880K, used 25579K [0x0000000701600000, 0x0000000800000000)
  region size 1024K, 19 young (19456K), 19 survivors (19456K)
 Metaspace       used 72012K, capacity 73800K, committed 73992K, reserved 1114112K
  class space    used 9071K, capacity 9806K, committed 9856K, reserved 1048576K
}
Event: 90.209 GC heap before
{Heap before GC invocations=13 (full 0):
 garbage-first heap   total 378880K, used 266219K [0x0000000701600000, 0x0000000800000000)
  region size 1024K, 159 young (162816K), 19 survivors (19456K)
 Metaspace       used 77640K, capacity 79479K, committed 79496K, reserved 1126400K
  class space    used 9728K, capacity 10479K, committed 10496K, reserved 1048576K
}
Event: 90.231 GC heap after
{Heap after GC invocations=14 (full 0):
 garbage-first heap   total 378880K, used 59753K [0x0000000701600000, 0x0000000800000000)
  region size 1024K, 17 young (17408K), 17 survivors (17408K)
 Metaspace       used 77640K, capacity 79479K, committed 79496K, reserved 1126400K
  class space    used 9728K, capacity 10479K, committed 10496K, reserved 1048576K
}

